<?xml version="1.0" encoding="UTF-8"?>
<testsuite name="com.api.pointscalculator.PointsCalculatorApplicationTests" tests="1" skipped="0" failures="0" errors="0" timestamp="2024-08-16T04:27:00" hostname="IRPT-CLW-0173" time="0.336">
  <properties/>
  <testcase name="getPointsTest()" classname="com.api.pointscalculator.PointsCalculatorApplicationTests" time="0.336"/>
  <system-out><![CDATA[21:26:57.478 [Test worker] INFO org.springframework.test.context.support.AnnotationConfigContextLoaderUtils -- Could not detect default configuration classes for test class [com.api.pointscalculator.PointsCalculatorApplicationTests]: PointsCalculatorApplicationTests does not declare any static, non-private, non-final, nested classes annotated with @Configuration.
21:26:57.610 [Test worker] INFO org.springframework.boot.test.context.SpringBootTestContextBootstrapper -- Found @SpringBootConfiguration com.api.pointscalculator.PointsCalculatorApplication for test class com.api.pointscalculator.PointsCalculatorApplicationTests

  .   ____          _            __ _ _
 /\\ / ___'_ __ _ _(_)_ __  __ _ \ \ \ \
( ( )\___ | '_ | '_| | '_ \/ _` | \ \ \ \
 \\/  ___)| |_)| | | | | || (_| |  ) ) ) )
  '  |____| .__|_| |_|_| |_\__, | / / / /
 =========|_|==============|___/=/_/_/_/

 :: Spring Boot ::                (v3.3.2)

2024-08-15T21:26:57.925-07:00  INFO 24268 --- [PointsCalculator] [    Test worker] c.a.p.PointsCalculatorApplicationTests   : Starting PointsCalculatorApplicationTests using Java 17.0.6 with PID 24268 (started by skumar45 in C:\Users\skumar45\Personal\IJ_WS_Latest\PointsCalculator)
2024-08-15T21:26:57.926-07:00  INFO 24268 --- [PointsCalculator] [    Test worker] c.a.p.PointsCalculatorApplicationTests   : No active profile set, falling back to 1 default profile: "default"
2024-08-15T21:26:59.322-07:00  INFO 24268 --- [PointsCalculator] [    Test worker] c.a.p.PointsCalculatorApplicationTests   : Started PointsCalculatorApplicationTests in 1.581 seconds (process running for 2.539)
]]></system-out>
  <system-err><![CDATA[]]></system-err>
</testsuite>
